2020-02-17 15:54:39,780 <DEBUG> <main                               > <[]> <{}> <   org.javacord.core.DiscordApiBuilderDelegateImpl> Creating shard 1 of 1
2020-02-17 15:54:41,075 <DEBUG> <acord - Central ExecutorService - 2> <[]> <{shard=0}> <           org.javacord.core.util.rest.RestRequest> Trying to send GET request to https://discordapp.com/api/v6/gateway
2020-02-17 15:54:41,469 <DEBUG> <acord - Central ExecutorService - 2> <[]> <{shard=0}> <           org.javacord.core.util.rest.RestRequest> Sent GET request to https://discordapp.com/api/v6/gateway and received status code 200 with body {"url": "wss://gateway.discord.gg"}
2020-02-17 15:54:41,472 <DEBUG> <acord - Central ExecutorService - 2> <[]> <{shard=0}> < org.javacord.core.util.ratelimit.RatelimitManager> Calculated an offset of 531 to the Discord time.
2020-02-17 15:54:41,892 <DEBUG> <ReadingThread                      > <[]> <{shard=0}> <javacord.core.util.gateway.DiscordWebSocketAdapter> Received HELLO packet
2020-02-17 15:54:41,899 <DEBUG> <Javacord - Central Scheduler - 1   > <[]> <{shard=0}> <javacord.core.util.gateway.DiscordWebSocketAdapter> Sent heartbeat (interval: 41250)
2020-02-17 15:54:41,900 <DEBUG> <ReadingThread                      > <[]> <{shard=0}> <javacord.core.util.gateway.DiscordWebSocketAdapter> Sending identify packet
2020-02-17 15:54:41,998 <DEBUG> <ReadingThread                      > <[]> <{shard=0}> <javacord.core.util.gateway.DiscordWebSocketAdapter> Heartbeat ACK received
2020-02-17 15:54:42,113 <DEBUG> <ReadingThread                      > <[]> <{shard=0}> <javacord.core.util.gateway.DiscordWebSocketAdapter> Received READY packet
2020-02-17 15:54:42,238 <DEBUG> <acord - Central ExecutorService - 1> <[]> <{shard=0}> <           org.javacord.core.util.rest.RestRequest> Trying to send GET request to https://discordapp.com/api/v6/oauth2/applications/@me
2020-02-17 15:54:42,485 <DEBUG> <acord - Central ExecutorService - 1> <[]> <{shard=0}> <           org.javacord.core.util.rest.RestRequest> Sent GET request to https://discordapp.com/api/v6/oauth2/applications/@me and received status code 200 with body {"id": "678112141156286494", "name": "Discord Bot Project", "icon": null, "description": "", "summary": "", "hook": true, "bot_public": true, "bot_require_code_grant": false, "verify_key": "29219edcd714e07d23c0433e1fbe28f36413359f6fc053baafbc6c5f44b76874", "owner": {"id": "114921534635638786", "username": "LKelvin", "avatar": null, "discriminator": "1702", "flags": 0}, "team": null}
2020-02-17 15:54:42,487 <DEBUG> <acord - Central ExecutorService - 1> <[]> <{shard=0}> < org.javacord.core.util.ratelimit.RatelimitManager> Calculated an offset of 514 to the Discord time.
2020-02-17 15:55:23,152 <DEBUG> <Javacord - Central Scheduler - 1   > <[]> <{shard=0}> <javacord.core.util.gateway.DiscordWebSocketAdapter> Sent heartbeat (interval: 41250)
2020-02-17 15:55:23,248 <DEBUG> <ReadingThread                      > <[]> <{shard=0}> <javacord.core.util.gateway.DiscordWebSocketAdapter> Heartbeat ACK received
2020-02-17 15:56:04,410 <DEBUG> <Javacord - Central Scheduler - 1   > <[]> <{shard=0}> <javacord.core.util.gateway.DiscordWebSocketAdapter> Sent heartbeat (interval: 41250)
2020-02-17 15:56:04,505 <DEBUG> <ReadingThread                      > <[]> <{shard=0}> <javacord.core.util.gateway.DiscordWebSocketAdapter> Heartbeat ACK received
2020-02-17 15:56:45,662 <DEBUG> <Javacord - Central Scheduler - 1   > <[]> <{shard=0}> <javacord.core.util.gateway.DiscordWebSocketAdapter> Sent heartbeat (interval: 41250)
2020-02-17 15:56:45,760 <DEBUG> <ReadingThread                      > <[]> <{shard=0}> <javacord.core.util.gateway.DiscordWebSocketAdapter> Heartbeat ACK received
2020-02-17 15:57:26,916 <DEBUG> <Javacord - Central Scheduler - 1   > <[]> <{shard=0}> <javacord.core.util.gateway.DiscordWebSocketAdapter> Sent heartbeat (interval: 41250)
2020-02-17 15:57:27,010 <DEBUG> <ReadingThread                      > <[]> <{shard=0}> <javacord.core.util.gateway.DiscordWebSocketAdapter> Heartbeat ACK received
2020-02-17 15:58:08,168 <DEBUG> <Javacord - Central Scheduler - 1   > <[]> <{shard=0}> <javacord.core.util.gateway.DiscordWebSocketAdapter> Sent heartbeat (interval: 41250)
2020-02-17 15:58:08,325 <DEBUG> <ReadingThread                      > <[]> <{shard=0}> <javacord.core.util.gateway.DiscordWebSocketAdapter> Heartbeat ACK received
2020-02-17 15:58:29,641 <DEBUG> <acord - Central ExecutorService - 3> <[]> <{shard=0}> <           org.javacord.core.util.rest.RestRequest> Trying to send POST request to https://discordapp.com/api/v6/channels/679113929884172291/messages with body {"content":"Pong!","tts":false,"mentions":[]}
2020-02-17 15:58:29,785 <DEBUG> <acord - Central ExecutorService - 3> <[]> <{shard=0}> <           org.javacord.core.util.rest.RestRequest> Sent POST request to https://discordapp.com/api/v6/channels/679113929884172291/messages and received status code 200 with body {"id": "679114485457354753", "type": 0, "content": "Pong!", "channel_id": "679113929884172291", "author": {"id": "678112141156286494", "username": "discBot", "avatar": null, "discriminator": "5413", "bot": true}, "attachments": [], "embeds": [], "mentions": [], "mention_roles": [], "pinned": false, "mention_everyone": false, "tts": false, "timestamp": "2020-02-17T23:58:30.670000+00:00", "edited_timestamp": null, "flags": 0, "nonce": null}
2020-02-17 15:58:49,420 <DEBUG> <Javacord - Central Scheduler - 1   > <[]> <{shard=0}> <javacord.core.util.gateway.DiscordWebSocketAdapter> Sent heartbeat (interval: 41250)
2020-02-17 15:58:49,516 <DEBUG> <ReadingThread                      > <[]> <{shard=0}> <javacord.core.util.gateway.DiscordWebSocketAdapter> Heartbeat ACK received
